<?xml version="1.0" encoding="UTF-8"?>
<!-- Generated by org.testng.reporters.JUnitReportReporter -->
<testsuite skipped="2" hostname="LAPTOP-3B3FO6JE" name="easyMyTrip.Login" tests="3" failures="0" timestamp="2021-10-06T11:34:57 IST" time="17.513" errors="0">
  <testcase name="InvalidMobileNumberTest" time="17.513" classname="easyMyTrip.Login"/>
  <system-out/>
  <testcase name="invalidPasswordTest" classname="easyMyTrip.Login">
    <skipped/>
  </testcase> <!-- invalidPasswordTest -->
  <system-out/>
  <testcase name="successFullLoginTest" classname="easyMyTrip.Login">
    <skipped/>
  </testcase> <!-- successFullLoginTest -->
  <system-out/>
</testsuite> <!-- easyMyTrip.Login -->
